0 info it worked if it ends with ok
1 verbose cli [ '/usr/local/bin/node',
1 verbose cli   '/home/marcelo/npm-global/bin/npm',
1 verbose cli   'run',
1 verbose cli   'dev' ]
2 info using npm@3.10.3
3 info using node@v6.2.2
4 verbose run-script [ 'predev', 'dev', 'postdev' ]
5 info lifecycle slv-contact@0.0.1~predev: slv-contact@0.0.1
6 silly lifecycle slv-contact@0.0.1~predev: no script for predev, continuing
7 info lifecycle slv-contact@0.0.1~dev: slv-contact@0.0.1
8 verbose lifecycle slv-contact@0.0.1~dev: unsafe-perm in lifecycle true
9 verbose lifecycle slv-contact@0.0.1~dev: PATH: /home/marcelo/npm-global/lib/node_modules/npm/bin/node-gyp-bin:/home/marcelo/Programs/FourLabs/Components/slv-contact/node_modules/.bin:/usr/local/bin:/home/marcelo/npm-global/bin:/usr/local/sbin:/usr/local/bin:/usr/sbin:/usr/bin:/sbin:/bin:/usr/games:/usr/local/games:/snap/bin
10 verbose lifecycle slv-contact@0.0.1~dev: CWD: /home/marcelo/Programs/FourLabs/Components/slv-contact
11 silly lifecycle slv-contact@0.0.1~dev: Args: [ '-c', 'gulp dev' ]
12 silly lifecycle slv-contact@0.0.1~dev: Returned: code: 1  signal: null
13 info lifecycle slv-contact@0.0.1~dev: Failed to exec dev script
14 verbose stack Error: slv-contact@0.0.1 dev: `gulp dev`
14 verbose stack Exit status 1
14 verbose stack     at EventEmitter.<anonymous> (/home/marcelo/npm-global/lib/node_modules/npm/lib/utils/lifecycle.js:242:16)
14 verbose stack     at emitTwo (events.js:106:13)
14 verbose stack     at EventEmitter.emit (events.js:191:7)
14 verbose stack     at ChildProcess.<anonymous> (/home/marcelo/npm-global/lib/node_modules/npm/lib/utils/spawn.js:40:14)
14 verbose stack     at emitTwo (events.js:106:13)
14 verbose stack     at ChildProcess.emit (events.js:191:7)
14 verbose stack     at maybeClose (internal/child_process.js:852:16)
14 verbose stack     at Process.ChildProcess._handle.onexit (internal/child_process.js:215:5)
15 verbose pkgid slv-contact@0.0.1
16 verbose cwd /home/marcelo/Programs/FourLabs/Components/slv-contact
17 error Linux 4.4.0-31-generic
18 error argv "/usr/local/bin/node" "/home/marcelo/npm-global/bin/npm" "run" "dev"
19 error node v6.2.2
20 error npm  v3.10.3
21 error code ELIFECYCLE
22 error slv-contact@0.0.1 dev: `gulp dev`
22 error Exit status 1
23 error Failed at the slv-contact@0.0.1 dev script 'gulp dev'.
23 error Make sure you have the latest version of node.js and npm installed.
23 error If you do, this is most likely a problem with the slv-contact package,
23 error not with npm itself.
23 error Tell the author that this fails on your system:
23 error     gulp dev
23 error You can get information on how to open an issue for this project with:
23 error     npm bugs slv-contact
23 error Or if that isn't available, you can get their info via:
23 error     npm owner ls slv-contact
23 error There is likely additional logging output above.
24 verbose exit [ 1, true ]
